2019-04-18 07:24:59	Request sent successfully.
**********************************************************2020-01-16 06:21:47	Request sent successfully.
**********************************************************2020-01-16 06:29:03	Request sent successfully.
**********************************************************2020-11-24 23:06:14	Request sent successfully.
**********************************************************2021-07-20 05:19:53	Request sent successfully.
**********************************************************2021-07-20 05:21:04	Request sent successfully.
**********************************************************2021-07-20 05:22:41	Request sent successfully.
**********************************************************2021-07-20 05:23:49	Request sent successfully.
**********************************************************2021-07-20 05:24:00	Request sent successfully.
**********************************************************2021-07-20 05:24:06	Request sent successfully.
**********************************************************2021-08-10 05:39:42	Request sent successfully.
**********************************************************2021-08-10 05:52:43	Request sent successfully.
**********************************************************2021-08-11 23:44:36	Request sent successfully.
**********************************************************2021-08-16 03:51:02	Request sent successfully.
**********************************************************2021-08-16 03:59:03	Request sent successfully.
**********************************************************2021-08-16 05:16:03	Request sent successfully.
**********************************************************2021-08-16 05:23:45	Request sent successfully.
**********************************************************2021-08-16 05:28:00	Request sent successfully.
**********************************************************2021-08-16 05:32:05	Request sent successfully.
**********************************************************2021-08-16 05:45:15	Request sent successfully.
**********************************************************2021-08-16 05:48:14	Request sent successfully.
**********************************************************2021-08-16 23:58:26	Request sent successfully.
**********************************************************2021-08-17 00:03:55	Request sent successfully.
**********************************************************2021-08-17 00:17:34	Request sent successfully.
**********************************************************2021-08-17 00:18:50	Request sent successfully.
**********************************************************2021-08-17 00:22:24	Request sent successfully.
**********************************************************2021-08-17 00:27:09	Request sent successfully.
**********************************************************2021-08-17 00:28:21	Request sent successfully.
**********************************************************2021-11-11 01:20:34	Request sent successfully.
**********************************************************2021-11-11 01:21:26	Request sent successfully.
**********************************************************2021-11-11 01:27:16	Request sent successfully.
**********************************************************2021-11-11 02:14:45	Request sent successfully.
**********************************************************2021-11-11 02:42:03	Request sent successfully.
**********************************************************2021-11-11 02:46:08	Request sent successfully.
**********************************************************2021-11-11 03:41:06	Request sent successfully.
**********************************************************2021-11-11 03:55:04	Request sent successfully.
**********************************************************2021-11-11 04:12:48	Request sent successfully.
**********************************************************2021-11-11 04:29:44	Request sent successfully.
**********************************************************2021-11-11 04:42:50	Request sent successfully.
**********************************************************2021-11-11 04:58:18	Request sent successfully.
**********************************************************2021-11-11 05:05:04	Request sent successfully.
**********************************************************2021-11-11 05:10:02	Request sent successfully.
**********************************************************2021-11-11 05:40:54	Request sent successfully.
**********************************************************2021-11-11 05:46:20	Request sent successfully.
**********************************************************2021-11-11 05:50:13	Request sent successfully.
**********************************************************2021-11-16 01:22:50	Request sent successfully.
**********************************************************2021-11-25 02:56:58	Request sent successfully.
**********************************************************2021-11-25 04:36:38	Request sent successfully.
**********************************************************2021-11-25 04:37:00	Request sent successfully.
**********************************************************2021-11-25 04:47:08	Request sent successfully.
**********************************************************2021-11-25 05:02:09	Request sent successfully.
**********************************************************2022-02-28 04:42:40	Request sent successfully.
**********************************************************2022-03-06 23:26:00	Request sent successfully.
**********************************************************2022-03-06 23:32:21	Request sent successfully.
**********************************************************2022-03-07 00:04:56	Request sent successfully.
**********************************************************2022-03-07 00:14:41	Request sent successfully.
**********************************************************2022-03-07 00:26:46	Request sent successfully.
**********************************************************2022-03-07 00:35:10	Request sent successfully.
**********************************************************2022-03-07 00:38:13	Request sent successfully.
**********************************************************2022-03-07 01:22:24	Request sent successfully.
**********************************************************2022-03-07 01:26:42	Request sent successfully.
**********************************************************2022-03-07 01:34:24	Request sent successfully.
**********************************************************2022-03-07 01:47:50	Request sent successfully.
**********************************************************2022-04-26 03:20:26	Request sent successfully.
**********************************************************2022-04-26 03:32:04	Request sent successfully.
**********************************************************2022-04-26 03:32:26	Request sent successfully.
**********************************************************2022-04-26 03:45:51	Request sent successfully.
**********************************************************2022-04-26 05:28:14	Request sent successfully.
**********************************************************2022-04-26 05:30:52	Request sent successfully.
**********************************************************2022-04-26 05:39:02	Request sent successfully.
**********************************************************2022-04-26 05:47:27	Request sent successfully.
**********************************************************2022-04-27 00:33:59	Request sent successfully.
**********************************************************2022-04-27 00:38:49	Request sent successfully.
**********************************************************2022-04-27 00:40:35	Request sent successfully.
**********************************************************2022-04-27 00:40:51	Request sent successfully.
**********************************************************2022-04-27 00:46:37	Request sent successfully.
**********************************************************2022-04-27 00:54:47	Request sent successfully.
**********************************************************2022-04-27 01:01:56	Request sent successfully.
**********************************************************2022-04-27 01:15:26	Request sent successfully.
**********************************************************2022-04-27 04:44:25	Request sent successfully.
**********************************************************2022-04-27 04:46:52	Request sent successfully.
**********************************************************2022-04-27 04:48:00	Request sent successfully.
**********************************************************2022-04-27 04:57:04	Request sent successfully.
**********************************************************2022-04-27 05:03:47	Request sent successfully.
**********************************************************2022-04-27 05:35:21	Request sent successfully.
**********************************************************2022-04-27 05:37:08	Request sent successfully.
**********************************************************2022-05-18 05:49:37	Request sent successfully.
**********************************************************2022-05-25 06:31:32	Request sent successfully.
**********************************************************2022-05-25 06:32:06	Request already exists.
**********************************************************2022-05-25 23:33:28	Request sent successfully.
**********************************************************2022-05-25 23:34:24	Request sent successfully.
**********************************************************2022-05-26 00:19:57	Request sent successfully.
**********************************************************2022-05-26 01:49:24	Request sent successfully.
**********************************************************2022-05-26 02:26:18	Request sent successfully.
**********************************************************2022-05-26 06:53:36	Request sent successfully.
**********************************************************2022-05-27 05:40:49	Request sent successfully.
**********************************************************2022-05-27 05:57:57	Request sent successfully.
**********************************************************2022-06-22 03:34:43	Request sent successfully.
**********************************************************2022-07-27 04:06:52	Request sent successfully.
**********************************************************2022-07-27 04:52:24	Request sent successfully.
**********************************************************2022-07-27 06:13:37	Request sent successfully.
**********************************************************2022-07-28 03:25:16	Request sent successfully.
**********************************************************2022-07-28 03:37:56	Request sent successfully.
**********************************************************2022-07-28 03:55:02	Request sent successfully.
**********************************************************2022-07-28 04:03:16	Request sent successfully.
**********************************************************2022-07-28 04:07:45	Request sent successfully.
**********************************************************2022-07-28 04:14:56	Request sent successfully.
**********************************************************2022-07-28 04:51:38	Request sent successfully.
**********************************************************2022-07-28 04:57:27	Request sent successfully.
**********************************************************2022-07-28 05:16:47	Request sent successfully.
**********************************************************2022-07-28 05:18:38	Request sent successfully.
**********************************************************2022-07-28 05:24:53	Request sent successfully.
**********************************************************2022-07-28 05:25:29	Request sent successfully.
**********************************************************2022-07-28 05:33:53	Request sent successfully.
**********************************************************2022-07-28 23:36:28	Request sent successfully.
**********************************************************2022-07-29 00:24:28	Request sent successfully.
**********************************************************2022-07-29 01:38:56	Request sent successfully.
**********************************************************2022-07-29 02:35:36	Request sent successfully.
**********************************************************2022-07-29 02:55:07	Request sent successfully.
**********************************************************2022-07-29 05:13:59	Request sent successfully.
**********************************************************2022-07-29 06:03:36	Request sent successfully.
**********************************************************2022-07-29 06:06:07	Request sent successfully.
**********************************************************2022-07-29 06:09:55	Request sent successfully.
**********************************************************2022-08-01 05:31:50	Request sent successfully.
**********************************************************2022-08-01 06:07:35	Request sent successfully.
**********************************************************2022-08-01 06:18:27	Request sent successfully.
**********************************************************2022-08-01 06:27:25	Request sent successfully.
**********************************************************2022-08-02 00:55:12	Request sent successfully.
**********************************************************2022-08-02 01:13:16	Request sent successfully.
**********************************************************2022-08-02 03:15:29	Request sent successfully.
**********************************************************2022-08-02 03:47:21	Request sent successfully.
**********************************************************2022-08-02 03:58:59	Request sent successfully.
**********************************************************2022-08-02 05:15:07	Request sent successfully.
**********************************************************2022-08-08 02:00:29	Request sent successfully.
**********************************************************2022-08-08 02:06:25	Request sent successfully.
**********************************************************2022-08-08 02:35:14	Request sent successfully.
**********************************************************2022-08-08 03:24:05	Request sent successfully.
**********************************************************2022-08-08 03:53:59	Request sent successfully.
**********************************************************2022-08-08 03:58:32	Request sent successfully.
**********************************************************2022-08-09 01:49:48	Request sent successfully.
**********************************************************2022-08-09 01:52:37	Request sent successfully.
**********************************************************2022-08-09 04:16:07	Request sent successfully.
**********************************************************2022-08-09 04:20:49	Request sent successfully.
**********************************************************2022-08-09 04:25:59	Request sent successfully.
**********************************************************2022-08-09 05:29:58	Request sent successfully.
**********************************************************2022-08-10 03:47:02	Request sent successfully.
**********************************************************2022-08-10 04:19:02	Request sent successfully.
**********************************************************2022-08-10 04:22:03	Request sent successfully.
**********************************************************2022-08-10 04:36:17	Request sent successfully.
**********************************************************2022-08-10 04:39:32	Request sent successfully.
**********************************************************2022-08-10 06:18:26	Request sent successfully.
**********************************************************2023-02-14 00:21:17	Request sent successfully.
**********************************************************2023-02-20 00:17:34	Request sent successfully.
**********************************************************2023-02-27 00:36:48	Request sent successfully.
**********************************************************2023-02-27 00:36:57	Request sent successfully.
**********************************************************2023-02-27 00:37:04	Request sent successfully.
**********************************************************2023-022023-02-28 03:36:28	Request sent successfully.
**********************************************************2023-02-28 03:46:31	Request sent successfully.
**********************************************************2023-02-28 22:27:38	Request sent successfully.
**********************************************************2023-05-09 06:20:42	Request sent successfully.
**********************************************************2023-05-09 06:20:57	Request already exists.
**********************************************************2023-05-09 06:21:17	Request already exists.
**********************************************************2023-05-09 06:22:14	Request sent successfully.
**********************************************************2023-05-09 06:24:35	Request sent successfully.
**********************************************************2023-05-15 04:30:51	Request sent successfully.
**********************************************************2023-05-15 04:31:00	Request already exists.
**********************************************************2024-02-27 03:08:22	Request sent successfully.
**********************************************************2024-05-16 06:03:58	Request already exists.
**********************************************************2024-05-16 06:04:10	Request already exists.
**********************************************************2024-05-16 06:07:51	Request already exists.
**********************************************************2024-05-16 06:19:39	Request already exists.
**********************************************************2024-05-17 00:05:45	Request already exists.
**********************************************************2024-05-20 15:37:28	Request already exists.
**********************************************************2024-05-20 15:47:34	Request already exists.
**********************************************************2024-05-20 15:48:26	Request already exists.
**********************************************************2024-05-20 15:56:06	Request already exists.
**********************************************************2024-05-24 07:55:14	Request already exists.
**********************************************************2024-05-24 07:59:58	Request already exists.
**********************************************************2024-05-24 08:06:10	Request already exists.
**********************************************************2024-05-24 08:06:38	Request already exists.
**********************************************************2024-05-24 08:07:54	Request already exists.
**********************************************************2024-05-24 08:13:36	Request already exists.
**********************************************************2024-05-24 08:14:08	Request already exists.
**********************************************************2024-05-24 08:16:56	Request already exists.
**********************************************************2024-05-24 08:50:26	Request already exists.
**********************************************************2024-06-15 06:58:13	Request already exists.
**********************************************************2024-06-15 07:01:49	Request already exists.
**********************************************************2024-06-17 17:55:13	Request already exists.
**********************************************************2024-06-22 17:00:55	Request already exists.
**********************************************************2024-06-22 17:01:05	Request already exists.
**********************************************************2024-06-22 17:01:48	Request already exists.
**********************************************************2024-06-22 17:02:26	Request already exists.
**********************************************************2024-06-22 17:02:59	Request already exists.
**********************************************************2024-06-22 18:25:43	Request already exists.
**********************************************************2024-06-22 20:09:41	Request already exists.
**********************************************************2024-06-27 05:22:31	Request already exists.
**********************************************************2024-06-27 05:23:38	Request already exists.
**********************************************************2024-06-27 05:24:08	Request already exists.
**********************************************************2024-07-10 03:02:36	Request already exists.
**********************************************************2024-07-15 13:56:24	Request already exists.
**********************************************************2024-07-15 13:56:34	Request already exists.
**********************************************************2024-08-12 11:18:39	Request already exists.
**********************************************************2024-08-12 11:18:48	Request already exists.
**********************************************************2024-08-19 01:39:53	Request already exists.
**********************************************************2024-09-02 09:12:52	Request already exists.
**********************************************************2025-11-29 04:59:45	Request already exists.
**********************************************************